<?xml version="1.0" encoding="UTF-8"?>
<testng-results ignored="0" total="9" passed="8" failed="1" skipped="0">
  <reporter-output>
  </reporter-output>
  <suite started-at="2026-03-11T23:08:02 IST" name="E-Learning Suite" finished-at="2026-03-11T23:11:02 IST" duration-ms="179952">
    <groups>
    </groups>
    <test started-at="2026-03-11T23:08:02 IST" name="Full Regression" finished-at="2026-03-11T23:11:02 IST" duration-ms="179952">
      <class name="testcases.ContactTest">
        <test-method is-config="true" signature="setup()[pri:0, instance:testcases.ContactTest@4c583ecf]" started-at="2026-03-11T23:09:28 IST" name="setup" finished-at="2026-03-11T23:09:30 IST" duration-ms="1851" status="PASS">
          <reporter-output>
          </reporter-output>
        </test-method> <!-- setup -->
        <test-method is-config="true" signature="setupContact()[pri:0, instance:testcases.ContactTest@4c583ecf]" started-at="2026-03-11T23:09:30 IST" name="setupContact" finished-at="2026-03-11T23:09:35 IST" duration-ms="4605" status="PASS">
          <reporter-output>
          </reporter-output>
        </test-method> <!-- setupContact -->
        <test-method signature="verifyBlankValidationMessage()[pri:1, instance:testcases.ContactTest@4c583ecf]" started-at="2026-03-11T23:09:35 IST" name="verifyBlankValidationMessage" finished-at="2026-03-11T23:09:40 IST" duration-ms="5792" status="PASS">
          <reporter-output>
          </reporter-output>
        </test-method> <!-- verifyBlankValidationMessage -->
        <test-method is-config="true" signature="tearDown()[pri:0, instance:testcases.ContactTest@4c583ecf]" started-at="2026-03-11T23:09:40 IST" name="tearDown" finished-at="2026-03-11T23:09:41 IST" duration-ms="357" status="PASS">
          <reporter-output>
          </reporter-output>
        </test-method> <!-- tearDown -->
        <test-method is-config="true" signature="setup()[pri:0, instance:testcases.ContactTest@4c583ecf]" started-at="2026-03-11T23:09:41 IST" name="setup" finished-at="2026-03-11T23:09:43 IST" duration-ms="1901" status="PASS">
          <reporter-output>
          </reporter-output>
        </test-method> <!-- setup -->
        <test-method is-config="true" signature="setupContact()[pri:0, instance:testcases.ContactTest@4c583ecf]" started-at="2026-03-11T23:09:43 IST" name="setupContact" finished-at="2026-03-11T23:09:48 IST" duration-ms="5098" status="PASS">
          <reporter-output>
          </reporter-output>
        </test-method> <!-- setupContact -->
        <test-method signature="verifyPhoneNumberDefect()[pri:2, instance:testcases.ContactTest@4c583ecf]" started-at="2026-03-11T23:09:48 IST" name="verifyPhoneNumberDefect" finished-at="2026-03-11T23:10:00 IST" duration-ms="12445" status="PASS">
          <reporter-output>
          </reporter-output>
        </test-method> <!-- verifyPhoneNumberDefect -->
        <test-method is-config="true" signature="tearDown()[pri:0, instance:testcases.ContactTest@4c583ecf]" started-at="2026-03-11T23:10:00 IST" name="tearDown" finished-at="2026-03-11T23:10:01 IST" duration-ms="362" status="PASS">
          <reporter-output>
          </reporter-output>
        </test-method> <!-- tearDown -->
        <test-method is-config="true" signature="setup()[pri:0, instance:testcases.ContactTest@4c583ecf]" started-at="2026-03-11T23:10:01 IST" name="setup" finished-at="2026-03-11T23:10:03 IST" duration-ms="2346" status="PASS">
          <reporter-output>
          </reporter-output>
        </test-method> <!-- setup -->
        <test-method is-config="true" signature="setupContact()[pri:0, instance:testcases.ContactTest@4c583ecf]" started-at="2026-03-11T23:10:03 IST" name="setupContact" finished-at="2026-03-11T23:10:05 IST" duration-ms="2450" status="PASS">
          <reporter-output>
          </reporter-output>
        </test-method> <!-- setupContact -->
        <test-method signature="verifyContactSubmitRedirectsTo404()[pri:3, instance:testcases.ContactTest@4c583ecf]" started-at="2026-03-11T23:10:05 IST" name="verifyContactSubmitRedirectsTo404" finished-at="2026-03-11T23:10:22 IST" duration-ms="16499" status="PASS">
          <reporter-output>
          </reporter-output>
        </test-method> <!-- verifyContactSubmitRedirectsTo404 -->
        <test-method is-config="true" signature="tearDown()[pri:0, instance:testcases.ContactTest@4c583ecf]" started-at="2026-03-11T23:10:22 IST" name="tearDown" finished-at="2026-03-11T23:10:22 IST" duration-ms="344" status="PASS">
          <reporter-output>
          </reporter-output>
        </test-method> <!-- tearDown -->
      </class> <!-- testcases.ContactTest -->
      <class name="testcases.ProfileTest">
        <test-method is-config="true" signature="setup()[pri:0, instance:testcases.ProfileTest@368f2016]" started-at="2026-03-11T23:08:55 IST" name="setup" finished-at="2026-03-11T23:08:59 IST" duration-ms="3437" status="PASS">
          <reporter-output>
          </reporter-output>
        </test-method> <!-- setup -->
        <test-method is-config="true" signature="setupProfile()[pri:0, instance:testcases.ProfileTest@368f2016]" started-at="2026-03-11T23:08:59 IST" name="setupProfile" finished-at="2026-03-11T23:09:02 IST" duration-ms="3046" status="PASS">
          <reporter-output>
          </reporter-output>
        </test-method> <!-- setupProfile -->
        <test-method signature="verifyProfilePageNavigation()[pri:1, instance:testcases.ProfileTest@368f2016]" started-at="2026-03-11T23:09:02 IST" name="verifyProfilePageNavigation" finished-at="2026-03-11T23:09:04 IST" duration-ms="1785" status="PASS">
          <reporter-output>
          </reporter-output>
        </test-method> <!-- verifyProfilePageNavigation -->
        <test-method is-config="true" signature="tearDown()[pri:0, instance:testcases.ProfileTest@368f2016]" started-at="2026-03-11T23:09:04 IST" name="tearDown" finished-at="2026-03-11T23:09:04 IST" duration-ms="283" status="PASS">
          <reporter-output>
          </reporter-output>
        </test-method> <!-- tearDown -->
        <test-method is-config="true" signature="setup()[pri:0, instance:testcases.ProfileTest@368f2016]" started-at="2026-03-11T23:09:04 IST" name="setup" finished-at="2026-03-11T23:09:07 IST" duration-ms="2506" status="PASS">
          <reporter-output>
          </reporter-output>
        </test-method> <!-- setup -->
        <test-method is-config="true" signature="setupProfile()[pri:0, instance:testcases.ProfileTest@368f2016]" started-at="2026-03-11T23:09:07 IST" name="setupProfile" finished-at="2026-03-11T23:09:09 IST" duration-ms="2471" status="PASS">
          <reporter-output>
          </reporter-output>
        </test-method> <!-- setupProfile -->
        <test-method signature="verifyUpdateProfilePageNavigation()[pri:2, instance:testcases.ProfileTest@368f2016]" started-at="2026-03-11T23:09:09 IST" name="verifyUpdateProfilePageNavigation" finished-at="2026-03-11T23:09:28 IST" duration-ms="18720" status="PASS">
          <reporter-output>
          </reporter-output>
        </test-method> <!-- verifyUpdateProfilePageNavigation -->
        <test-method is-config="true" signature="tearDown()[pri:0, instance:testcases.ProfileTest@368f2016]" started-at="2026-03-11T23:09:28 IST" name="tearDown" finished-at="2026-03-11T23:09:28 IST" duration-ms="362" status="PASS">
          <reporter-output>
          </reporter-output>
        </test-method> <!-- tearDown -->
      </class> <!-- testcases.ProfileTest -->
      <class name="testcases.NavigationTest">
        <test-method is-config="true" signature="setup()[pri:0, instance:testcases.NavigationTest@692f203f]" started-at="2026-03-11T23:10:22 IST" name="setup" finished-at="2026-03-11T23:10:25 IST" duration-ms="3065" status="PASS">
          <reporter-output>
          </reporter-output>
        </test-method> <!-- setup -->
        <test-method is-config="true" signature="setupNavigation()[pri:0, instance:testcases.NavigationTest@692f203f]" started-at="2026-03-11T23:10:25 IST" name="setupNavigation" finished-at="2026-03-11T23:10:28 IST" duration-ms="2645" status="PASS">
          <reporter-output>
          </reporter-output>
        </test-method> <!-- setupNavigation -->
        <test-method signature="completeNavigationFlowTest()[pri:0, instance:testcases.NavigationTest@692f203f]" started-at="2026-03-11T23:10:28 IST" name="completeNavigationFlowTest" finished-at="2026-03-11T23:11:01 IST" duration-ms="33240" status="PASS">
          <reporter-output>
          </reporter-output>
        </test-method> <!-- completeNavigationFlowTest -->
        <test-method is-config="true" signature="tearDown()[pri:0, instance:testcases.NavigationTest@692f203f]" started-at="2026-03-11T23:11:01 IST" name="tearDown" finished-at="2026-03-11T23:11:02 IST" duration-ms="407" status="PASS">
          <reporter-output>
          </reporter-output>
        </test-method> <!-- tearDown -->
      </class> <!-- testcases.NavigationTest -->
      <class name="testcases.RegisterLoginTest">
        <test-method is-config="true" signature="setup()[pri:0, instance:testcases.RegisterLoginTest@399f45b1]" started-at="2026-03-11T23:08:02 IST" name="setup" finished-at="2026-03-11T23:08:10 IST" duration-ms="8208" status="PASS">
          <reporter-output>
          </reporter-output>
        </test-method> <!-- setup -->
        <test-method is-config="true" signature="pageSetup()[pri:0, instance:testcases.RegisterLoginTest@399f45b1]" started-at="2026-03-11T23:08:10 IST" name="pageSetup" finished-at="2026-03-11T23:08:10 IST" duration-ms="98" status="PASS">
          <reporter-output>
          </reporter-output>
        </test-method> <!-- pageSetup -->
        <test-method signature="registerAndLoginTest(java.lang.String,java.lang.String,java.lang.String)[pri:0, instance:testcases.RegisterLoginTest@399f45b1]" started-at="2026-03-11T23:08:10 IST" name="registerAndLoginTest" data-provider="userData" finished-at="2026-03-11T23:08:22 IST" duration-ms="12190" status="PASS">
          <params>
            <param index="0">
              <value>
                <![CDATA[Sushma]]>
              </value>
            </param>
            <param index="1">
              <value>
                <![CDATA[sushma1@gmail.com]]>
              </value>
            </param>
            <param index="2">
              <value>
                <![CDATA[Pass@123]]>
              </value>
            </param>
          </params>
          <reporter-output>
          </reporter-output>
        </test-method> <!-- registerAndLoginTest -->
        <test-method is-config="true" signature="tearDown()[pri:0, instance:testcases.RegisterLoginTest@399f45b1]" started-at="2026-03-11T23:08:22 IST" name="tearDown" finished-at="2026-03-11T23:08:23 IST" duration-ms="740" status="PASS">
          <reporter-output>
          </reporter-output>
        </test-method> <!-- tearDown -->
        <test-method is-config="true" signature="setup()[pri:0, instance:testcases.RegisterLoginTest@399f45b1]" started-at="2026-03-11T23:08:23 IST" name="setup" finished-at="2026-03-11T23:08:25 IST" duration-ms="1691" status="PASS">
          <reporter-output>
          </reporter-output>
        </test-method> <!-- setup -->
        <test-method is-config="true" signature="pageSetup()[pri:0, instance:testcases.RegisterLoginTest@399f45b1]" started-at="2026-03-11T23:08:25 IST" name="pageSetup" finished-at="2026-03-11T23:08:25 IST" duration-ms="5" status="PASS">
          <reporter-output>
          </reporter-output>
        </test-method> <!-- pageSetup -->
        <test-method signature="registerAndLoginTest(java.lang.String,java.lang.String,java.lang.String)[pri:0, instance:testcases.RegisterLoginTest@399f45b1]" started-at="2026-03-11T23:08:25 IST" name="registerAndLoginTest" data-provider="userData" finished-at="2026-03-11T23:08:38 IST" duration-ms="13214" status="PASS">
          <params>
            <param index="0">
              <value>
                <![CDATA[Ravi]]>
              </value>
            </param>
            <param index="1">
              <value>
                <![CDATA[ravi3@gmail.com]]>
              </value>
            </param>
            <param index="2">
              <value>
                <![CDATA[Pass@789]]>
              </value>
            </param>
          </params>
          <reporter-output>
          </reporter-output>
        </test-method> <!-- registerAndLoginTest -->
        <test-method is-config="true" signature="tearDown()[pri:0, instance:testcases.RegisterLoginTest@399f45b1]" started-at="2026-03-11T23:08:38 IST" name="tearDown" finished-at="2026-03-11T23:08:38 IST" duration-ms="373" status="PASS">
          <reporter-output>
          </reporter-output>
        </test-method> <!-- tearDown -->
      </class> <!-- testcases.RegisterLoginTest -->
      <class name="testcases.SearchTest">
        <test-method is-config="true" signature="setup()[pri:0, instance:testcases.SearchTest@4d5d943d]" started-at="2026-03-11T23:08:38 IST" name="setup" finished-at="2026-03-11T23:08:41 IST" duration-ms="2737" status="PASS">
          <reporter-output>
          </reporter-output>
        </test-method> <!-- setup -->
        <test-method is-config="true" signature="setupSearch()[pri:0, instance:testcases.SearchTest@4d5d943d]" started-at="2026-03-11T23:08:41 IST" name="setupSearch" finished-at="2026-03-11T23:08:44 IST" duration-ms="2960" status="PASS">
          <reporter-output>
          </reporter-output>
        </test-method> <!-- setupSearch -->
        <test-method signature="verifySearchFunctionality()[pri:0, instance:testcases.SearchTest@4d5d943d]" started-at="2026-03-11T23:08:44 IST" name="verifySearchFunctionality" finished-at="2026-03-11T23:08:55 IST" duration-ms="11159" status="FAIL">
          <exception class="java.lang.AssertionError">
            <message>
              <![CDATA[Search did not redirect to 404 page as expected expected [true] but found [false]]]>
            </message>
            <full-stacktrace>
              <![CDATA[java.lang.AssertionError: Search did not redirect to 404 page as expected expected [true] but found [false]
at org.testng.Assert.fail(Assert.java:111)
at org.testng.Assert.failNotEquals(Assert.java:1590)
at org.testng.Assert.assertTrue(Assert.java:57)
at testcases.SearchTest.verifySearchFunctionality(SearchTest.java:26)
at java.base/jdk.internal.reflect.DirectMethodHandleAccessor.invoke(DirectMethodHandleAccessor.java:104)
at java.base/java.lang.reflect.Method.invoke(Method.java:565)
at org.testng.internal.invokers.MethodInvocationHelper.invokeMethod(MethodInvocationHelper.java:141)
at org.testng.internal.invokers.TestInvoker.invokeMethod(TestInvoker.java:697)
at org.testng.internal.invokers.TestInvoker.invokeTestMethod(TestInvoker.java:230)
at org.testng.internal.invokers.MethodRunner.runInSequence(MethodRunner.java:63)
at org.testng.internal.invokers.TestInvoker$MethodInvocationAgent.invoke(TestInvoker.java:1005)
at org.testng.internal.invokers.TestInvoker.invokeTestMethods(TestInvoker.java:203)
at org.testng.internal.invokers.TestMethodWorker.invokeTestMethods(TestMethodWorker.java:154)
at org.testng.internal.invokers.TestMethodWorker.run(TestMethodWorker.java:134)
at java.base/java.util.ArrayList.forEach(ArrayList.java:1604)
at org.testng.TestRunner.privateRun(TestRunner.java:744)
at org.testng.TestRunner.run(TestRunner.java:616)
at org.testng.SuiteRunner.runTest(SuiteRunner.java:421)
at org.testng.SuiteRunner.runSequentially(SuiteRunner.java:413)
at org.testng.SuiteRunner.privateRun(SuiteRunner.java:373)
at org.testng.SuiteRunner.run(SuiteRunner.java:312)
at org.testng.SuiteRunnerWorker.runSuite(SuiteRunnerWorker.java:52)
at org.testng.SuiteRunnerWorker.run(SuiteRunnerWorker.java:95)
at org.testng.TestNG.runSuitesSequentially(TestNG.java:1274)
at org.testng.TestNG.runSuitesLocally(TestNG.java:1208)
at org.testng.TestNG.runSuites(TestNG.java:1112)
at org.testng.TestNG.run(TestNG.java:1079)
at org.testng.remote.AbstractRemoteTestNG.run(AbstractRemoteTestNG.java:115)
at org.testng.remote.RemoteTestNG.initAndRun(RemoteTestNG.java:293)
at org.testng.remote.RemoteTestNG.main(RemoteTestNG.java:91)
]]>
            </full-stacktrace>
          </exception> <!-- java.lang.AssertionError -->
          <reporter-output>
          </reporter-output>
        </test-method> <!-- verifySearchFunctionality -->
        <test-method is-config="true" signature="tearDown()[pri:0, instance:testcases.SearchTest@4d5d943d]" started-at="2026-03-11T23:08:55 IST" name="tearDown" finished-at="2026-03-11T23:08:55 IST" duration-ms="417" status="PASS">
          <reporter-output>
          </reporter-output>
        </test-method> <!-- tearDown -->
      </class> <!-- testcases.SearchTest -->
    </test> <!-- Full Regression -->
  </suite> <!-- E-Learning Suite -->
</testng-results>
