<?xml version="1.0" encoding="UTF-8"?>
<!-- Generated by org.testng.reporters.JUnitXMLReporter -->
<testsuite ignored="0" hostname="sushma" failures="1" tests="9" name="Full Regression" time="179.952" errors="0" timestamp="2026-03-11T23:11:02 IST">
  <testcase classname="testcases.RegisterLoginTest" name="registerAndLoginTest" time="12.19"/>
  <testcase classname="testcases.RegisterLoginTest" name="registerAndLoginTest" time="13.214"/>
  <testcase classname="testcases.SearchTest" name="verifySearchFunctionality" time="11.159">
    <failure type="java.lang.AssertionError" message="Search did not redirect to 404 page as expected expected [true] but found [false]">
      <![CDATA[java.lang.AssertionError: Search did not redirect to 404 page as expected expected [true] but found [false]
at testcases.SearchTest.verifySearchFunctionality(SearchTest.java:26)
at java.base/java.util.ArrayList.forEach(ArrayList.java:1604)
... Removed 28 stack frames]]>
    </failure>
  </testcase> <!-- verifySearchFunctionality -->
  <testcase classname="testcases.ProfileTest" name="verifyProfilePageNavigation" time="1.785"/>
  <testcase classname="testcases.ProfileTest" name="verifyUpdateProfilePageNavigation" time="18.72"/>
  <testcase classname="testcases.ContactTest" name="verifyBlankValidationMessage" time="5.792"/>
  <testcase classname="testcases.ContactTest" name="verifyPhoneNumberDefect" time="12.445"/>
  <testcase classname="testcases.ContactTest" name="verifyContactSubmitRedirectsTo404" time="16.499"/>
  <testcase classname="testcases.NavigationTest" name="completeNavigationFlowTest" time="33.24"/>
</testsuite> <!-- Full Regression -->
