<?xml version="1.0" encoding="UTF-8"?>
<!-- Generated by org.testng.reporters.JUnitReportReporter -->
<testsuite hostname="sushma" failures="0" tests="5" name="testcases.RegisterTest" time="76.284" errors="0" timestamp="2026-02-18T13:48:46 IST" skipped="0">
  <testcase classname="testcases.RegisterTest" name="registerTest" time="7.635"/>
  <testcase classname="testcases.RegisterTest" name="registerTest" time="11.128"/>
  <testcase classname="testcases.RegisterTest" name="registerTest" time="19.224"/>
  <testcase classname="testcases.RegisterTest" name="registerTest" time="19.127"/>
  <testcase classname="testcases.RegisterTest" name="registerTest" time="19.170"/>
</testsuite> <!-- testcases.RegisterTest -->
