<?xml version="1.0" encoding="UTF-8"?>
<!-- Generated by org.testng.reporters.JUnitReportReporter -->
<testsuite hostname="sushma" failures="0" tests="2" name="testcases.RegisterLoginTest" time="36.519" errors="0" timestamp="2026-03-11T23:11:02 IST" skipped="0">
  <testcase classname="testcases.RegisterLoginTest" name="registerAndLoginTest" time="21.236"/>
  <testcase classname="testcases.RegisterLoginTest" name="registerAndLoginTest" time="15.283"/>
</testsuite> <!-- testcases.RegisterLoginTest -->
