<?xml version="1.0" encoding="UTF-8"?>
<!-- Generated by org.testng.reporters.JUnitReportReporter -->
<testsuite hostname="sushma" failures="0" tests="2" name="testcases.ProfileTest" time="32.610" errors="0" timestamp="2026-03-11T23:11:02 IST" skipped="0">
  <testcase classname="testcases.ProfileTest" name="verifyProfilePageNavigation" time="8.551"/>
  <testcase classname="testcases.ProfileTest" name="verifyUpdateProfilePageNavigation" time="24.059"/>
</testsuite> <!-- testcases.ProfileTest -->
