<?xml version="1.0" encoding="UTF-8"?>
<!-- Generated by org.testng.reporters.JUnitReportReporter -->
<testsuite hostname="sushma" failures="0" tests="3" name="testcases.ContactTest" time="54.050" errors="0" timestamp="2026-03-11T23:11:02 IST" skipped="0">
  <testcase classname="testcases.ContactTest" name="verifyBlankValidationMessage" time="12.655"/>
  <testcase classname="testcases.ContactTest" name="verifyPhoneNumberDefect" time="17.108"/>
  <testcase classname="testcases.ContactTest" name="verifyContactSubmitRedirectsTo404" time="24.287"/>
</testsuite> <!-- testcases.ContactTest -->
